{"/Users/jeronimo/Desktop/ragEvaluatorApp/frontend/src/App.tsx": {"path":"/Users/jeronimo/Desktop/ragEvaluatorApp/frontend/src/App.tsx","statementMap":{"0":{"start":{"line":87,"column":30},"end":{"line":92,"column":4}},"1":{"start":{"line":95,"column":50},"end":{"line":95,"column":108}},"2":{"start":{"line":96,"column":52},"end":{"line":96,"column":64}},"3":{"start":{"line":99,"column":36},"end":{"line":99,"column":60}},"4":{"start":{"line":100,"column":40},"end":{"line":100,"column":90}},"5":{"start":{"line":101,"column":30},"end":{"line":101,"column":41}},"6":{"start":{"line":104,"column":42},"end":{"line":104,"column":57}},"7":{"start":{"line":105,"column":54},"end":{"line":105,"column":88}},"8":{"start":{"line":106,"column":32},"end":{"line":106,"column":64}},"9":{"start":{"line":112,"column":25},"end":{"line":132,"column":3}},"10":{"start":{"line":116,"column":4},"end":{"line":116,"column":34}},"11":{"start":{"line":117,"column":4},"end":{"line":117,"column":28}},"12":{"start":{"line":118,"column":4},"end":{"line":131,"column":5}},"13":{"start":{"line":120,"column":23},"end":{"line":120,"column":69}},"14":{"start":{"line":121,"column":6},"end":{"line":127,"column":7}},"15":{"start":{"line":122,"column":21},"end":{"line":122,"column":42}},"16":{"start":{"line":123,"column":8},"end":{"line":123,"column":39}},"17":{"start":{"line":124,"column":8},"end":{"line":124,"column":70}},"18":{"start":{"line":126,"column":8},"end":{"line":126,"column":76}},"19":{"start":{"line":129,"column":6},"end":{"line":129,"column":35}},"20":{"start":{"line":130,"column":6},"end":{"line":130,"column":105}},"21":{"start":{"line":135,"column":22},"end":{"line":143,"column":3}},"22":{"start":{"line":136,"column":4},"end":{"line":139,"column":5}},"23":{"start":{"line":137,"column":6},"end":{"line":137,"column":66}},"24":{"start":{"line":138,"column":6},"end":{"line":138,"column":12}},"25":{"start":{"line":140,"column":4},"end":{"line":140,"column":64}},"26":{"start":{"line":141,"column":4},"end":{"line":141,"column":25}},"27":{"start":{"line":142,"column":4},"end":{"line":142,"column":60}},"28":{"start":{"line":146,"column":25},"end":{"line":148,"column":3}},"29":{"start":{"line":147,"column":4},"end":{"line":147,"column":54}},"30":{"start":{"line":147,"column":40},"end":{"line":147,"column":52}},"31":{"start":{"line":152,"column":30},"end":{"line":253,"column":3}},"32":{"start":{"line":153,"column":6},"end":{"line":156,"column":7}},"33":{"start":{"line":154,"column":8},"end":{"line":154,"column":51}},"34":{"start":{"line":155,"column":8},"end":{"line":155,"column":15}},"35":{"start":{"line":157,"column":6},"end":{"line":160,"column":7}},"36":{"start":{"line":158,"column":8},"end":{"line":158,"column":60}},"37":{"start":{"line":159,"column":8},"end":{"line":159,"column":15}},"38":{"start":{"line":162,"column":4},"end":{"line":162,"column":25}},"39":{"start":{"line":163,"column":4},"end":{"line":163,"column":18}},"40":{"start":{"line":164,"column":4},"end":{"line":164,"column":66}},"41":{"start":{"line":166,"column":43},"end":{"line":166,"column":45}},"42":{"start":{"line":168,"column":4},"end":{"line":252,"column":5}},"43":{"start":{"line":173,"column":6},"end":{"line":244,"column":7}},"44":{"start":{"line":173,"column":19},"end":{"line":173,"column":20}},"45":{"start":{"line":174,"column":25},"end":{"line":174,"column":37}},"46":{"start":{"line":175,"column":8},"end":{"line":175,"column":74}},"47":{"start":{"line":180,"column":28},"end":{"line":183,"column":9}},"48":{"start":{"line":186,"column":25},"end":{"line":194,"column":10}},"49":{"start":{"line":191,"column":50},"end":{"line":191,"column":78}},"50":{"start":{"line":196,"column":8},"end":{"line":198,"column":9}},"51":{"start":{"line":197,"column":10},"end":{"line":197,"column":101}},"52":{"start":{"line":200,"column":57},"end":{"line":200,"column":78}},"53":{"start":{"line":202,"column":51},"end":{"line":230,"column":1}},"54":{"start":{"line":209,"column":63},"end":{"line":209,"column":94}},"55":{"start":{"line":210,"column":68},"end":{"line":210,"column":99}},"56":{"start":{"line":213,"column":63},"end":{"line":213,"column":92}},"57":{"start":{"line":214,"column":68},"end":{"line":214,"column":97}},"58":{"start":{"line":217,"column":63},"end":{"line":217,"column":95}},"59":{"start":{"line":218,"column":68},"end":{"line":218,"column":100}},"60":{"start":{"line":221,"column":63},"end":{"line":221,"column":90}},"61":{"start":{"line":222,"column":68},"end":{"line":222,"column":95}},"62":{"start":{"line":231,"column":23},"end":{"line":237,"column":9}},"63":{"start":{"line":239,"column":8},"end":{"line":239,"column":92}},"64":{"start":{"line":239,"column":66},"end":{"line":239,"column":71}},"65":{"start":{"line":240,"column":8},"end":{"line":240,"column":94}},"66":{"start":{"line":242,"column":8},"end":{"line":242,"column":42}},"67":{"start":{"line":246,"column":6},"end":{"line":246,"column":28}},"68":{"start":{"line":248,"column":6},"end":{"line":248,"column":102}},"69":{"start":{"line":250,"column":6},"end":{"line":250,"column":28}},"70":{"start":{"line":251,"column":6},"end":{"line":251,"column":53}},"71":{"start":{"line":255,"column":24},"end":{"line":261,"column":1}},"72":{"start":{"line":257,"column":22},"end":{"line":257,"column":55}},"73":{"start":{"line":258,"column":21},"end":{"line":258,"column":42}},"74":{"start":{"line":259,"column":4},"end":{"line":259,"column":68}},"75":{"start":{"line":260,"column":4},"end":{"line":260,"column":59}},"76":{"start":{"line":264,"column":20},"end":{"line":264,"column":104}},"77":{"start":{"line":264,"column":26},"end":{"line":264,"column":104}},"78":{"start":{"line":265,"column":23},"end":{"line":269,"column":3}},"79":{"start":{"line":266,"column":23},"end":{"line":266,"column":42}},"80":{"start":{"line":267,"column":4},"end":{"line":267,"column":37}},"81":{"start":{"line":268,"column":4},"end":{"line":268,"column":50}},"82":{"start":{"line":270,"column":23},"end":{"line":270,"column":121}},"83":{"start":{"line":270,"column":42},"end":{"line":270,"column":121}},"84":{"start":{"line":270,"column":106},"end":{"line":270,"column":117}},"85":{"start":{"line":275,"column":2},"end":{"line":652,"column":3}},"86":{"start":{"line":311,"column":33},"end":{"line":311,"column":82}},"87":{"start":{"line":323,"column":33},"end":{"line":323,"column":83}},"88":{"start":{"line":334,"column":33},"end":{"line":334,"column":107}},"89":{"start":{"line":359,"column":18},"end":{"line":380,"column":24}},"90":{"start":{"line":363,"column":39},"end":{"line":363,"column":81}},"91":{"start":{"line":370,"column":39},"end":{"line":370,"column":83}},"92":{"start":{"line":375,"column":37},"end":{"line":375,"column":56}},"93":{"start":{"line":436,"column":35},"end":{"line":436,"column":95}},"94":{"start":{"line":447,"column":35},"end":{"line":447,"column":105}},"95":{"start":{"line":471,"column":33},"end":{"line":471,"column":49}},"96":{"start":{"line":480,"column":18},"end":{"line":502,"column":24}},"97":{"start":{"line":496,"column":39},"end":{"line":496,"column":66}},"98":{"start":{"line":575,"column":41},"end":{"line":575,"column":63}},"99":{"start":{"line":581,"column":41},"end":{"line":581,"column":63}},"100":{"start":{"line":601,"column":24},"end":{"line":630,"column":29}},"101":{"start":{"line":623,"column":47},"end":{"line":623,"column":519}},"102":{"start":{"line":624,"column":32},"end":{"line":624,"column":45}}},"fnMap":{"0":{"name":"App","decl":{"start":{"line":82,"column":9},"end":{"line":82,"column":12}},"loc":{"start":{"line":82,"column":15},"end":{"line":653,"column":1}},"line":82},"1":{"name":"(anonymous_1)","decl":{"start":{"line":112,"column":25},"end":{"line":112,"column":26}},"loc":{"start":{"line":112,"column":37},"end":{"line":132,"column":3}},"line":112},"2":{"name":"(anonymous_2)","decl":{"start":{"line":135,"column":22},"end":{"line":135,"column":23}},"loc":{"start":{"line":135,"column":28},"end":{"line":143,"column":3}},"line":135},"3":{"name":"(anonymous_3)","decl":{"start":{"line":146,"column":25},"end":{"line":146,"column":26}},"loc":{"start":{"line":146,"column":41},"end":{"line":148,"column":3}},"line":146},"4":{"name":"(anonymous_4)","decl":{"start":{"line":147,"column":34},"end":{"line":147,"column":35}},"loc":{"start":{"line":147,"column":40},"end":{"line":147,"column":52}},"line":147},"5":{"name":"(anonymous_5)","decl":{"start":{"line":152,"column":30},"end":{"line":152,"column":31}},"loc":{"start":{"line":152,"column":42},"end":{"line":253,"column":3}},"line":152},"6":{"name":"(anonymous_6)","decl":{"start":{"line":191,"column":37},"end":{"line":191,"column":38}},"loc":{"start":{"line":191,"column":50},"end":{"line":191,"column":78}},"line":191},"7":{"name":"(anonymous_7)","decl":{"start":{"line":209,"column":42},"end":{"line":209,"column":43}},"loc":{"start":{"line":209,"column":63},"end":{"line":209,"column":94}},"line":209},"8":{"name":"(anonymous_8)","decl":{"start":{"line":210,"column":47},"end":{"line":210,"column":48}},"loc":{"start":{"line":210,"column":68},"end":{"line":210,"column":99}},"line":210},"9":{"name":"(anonymous_9)","decl":{"start":{"line":213,"column":42},"end":{"line":213,"column":43}},"loc":{"start":{"line":213,"column":63},"end":{"line":213,"column":92}},"line":213},"10":{"name":"(anonymous_10)","decl":{"start":{"line":214,"column":47},"end":{"line":214,"column":48}},"loc":{"start":{"line":214,"column":68},"end":{"line":214,"column":97}},"line":214},"11":{"name":"(anonymous_11)","decl":{"start":{"line":217,"column":42},"end":{"line":217,"column":43}},"loc":{"start":{"line":217,"column":63},"end":{"line":217,"column":95}},"line":217},"12":{"name":"(anonymous_12)","decl":{"start":{"line":218,"column":47},"end":{"line":218,"column":48}},"loc":{"start":{"line":218,"column":68},"end":{"line":218,"column":100}},"line":218},"13":{"name":"(anonymous_13)","decl":{"start":{"line":221,"column":42},"end":{"line":221,"column":43}},"loc":{"start":{"line":221,"column":63},"end":{"line":221,"column":90}},"line":221},"14":{"name":"(anonymous_14)","decl":{"start":{"line":222,"column":47},"end":{"line":222,"column":48}},"loc":{"start":{"line":222,"column":68},"end":{"line":222,"column":95}},"line":222},"15":{"name":"(anonymous_15)","decl":{"start":{"line":239,"column":56},"end":{"line":239,"column":57}},"loc":{"start":{"line":239,"column":66},"end":{"line":239,"column":71}},"line":239},"16":{"name":"(anonymous_16)","decl":{"start":{"line":255,"column":24},"end":{"line":255,"column":25}},"loc":{"start":{"line":255,"column":30},"end":{"line":261,"column":1}},"line":255},"17":{"name":"(anonymous_17)","decl":{"start":{"line":264,"column":20},"end":{"line":264,"column":21}},"loc":{"start":{"line":264,"column":26},"end":{"line":264,"column":104}},"line":264},"18":{"name":"(anonymous_18)","decl":{"start":{"line":265,"column":23},"end":{"line":265,"column":24}},"loc":{"start":{"line":265,"column":81},"end":{"line":269,"column":3}},"line":265},"19":{"name":"(anonymous_19)","decl":{"start":{"line":270,"column":23},"end":{"line":270,"column":24}},"loc":{"start":{"line":270,"column":42},"end":{"line":270,"column":121}},"line":270},"20":{"name":"(anonymous_20)","decl":{"start":{"line":270,"column":96},"end":{"line":270,"column":97}},"loc":{"start":{"line":270,"column":106},"end":{"line":270,"column":117}},"line":270},"21":{"name":"(anonymous_21)","decl":{"start":{"line":311,"column":26},"end":{"line":311,"column":27}},"loc":{"start":{"line":311,"column":33},"end":{"line":311,"column":82}},"line":311},"22":{"name":"(anonymous_22)","decl":{"start":{"line":323,"column":26},"end":{"line":323,"column":27}},"loc":{"start":{"line":323,"column":33},"end":{"line":323,"column":83}},"line":323},"23":{"name":"(anonymous_23)","decl":{"start":{"line":334,"column":26},"end":{"line":334,"column":27}},"loc":{"start":{"line":334,"column":33},"end":{"line":334,"column":107}},"line":334},"24":{"name":"(anonymous_24)","decl":{"start":{"line":358,"column":36},"end":{"line":358,"column":37}},"loc":{"start":{"line":359,"column":18},"end":{"line":380,"column":24}},"line":359},"25":{"name":"(anonymous_25)","decl":{"start":{"line":363,"column":32},"end":{"line":363,"column":33}},"loc":{"start":{"line":363,"column":39},"end":{"line":363,"column":81}},"line":363},"26":{"name":"(anonymous_26)","decl":{"start":{"line":370,"column":32},"end":{"line":370,"column":33}},"loc":{"start":{"line":370,"column":39},"end":{"line":370,"column":83}},"line":370},"27":{"name":"(anonymous_27)","decl":{"start":{"line":375,"column":31},"end":{"line":375,"column":32}},"loc":{"start":{"line":375,"column":37},"end":{"line":375,"column":56}},"line":375},"28":{"name":"(anonymous_28)","decl":{"start":{"line":436,"column":28},"end":{"line":436,"column":29}},"loc":{"start":{"line":436,"column":35},"end":{"line":436,"column":95}},"line":436},"29":{"name":"(anonymous_29)","decl":{"start":{"line":447,"column":28},"end":{"line":447,"column":29}},"loc":{"start":{"line":447,"column":35},"end":{"line":447,"column":105}},"line":447},"30":{"name":"(anonymous_30)","decl":{"start":{"line":471,"column":27},"end":{"line":471,"column":28}},"loc":{"start":{"line":471,"column":33},"end":{"line":471,"column":49}},"line":471},"31":{"name":"(anonymous_31)","decl":{"start":{"line":479,"column":31},"end":{"line":479,"column":32}},"loc":{"start":{"line":480,"column":18},"end":{"line":502,"column":24}},"line":480},"32":{"name":"(anonymous_32)","decl":{"start":{"line":496,"column":33},"end":{"line":496,"column":34}},"loc":{"start":{"line":496,"column":39},"end":{"line":496,"column":66}},"line":496},"33":{"name":"(anonymous_33)","decl":{"start":{"line":575,"column":36},"end":{"line":575,"column":37}},"loc":{"start":{"line":575,"column":41},"end":{"line":575,"column":63}},"line":575},"34":{"name":"(anonymous_34)","decl":{"start":{"line":581,"column":36},"end":{"line":581,"column":37}},"loc":{"start":{"line":581,"column":41},"end":{"line":581,"column":63}},"line":581},"35":{"name":"(anonymous_35)","decl":{"start":{"line":600,"column":35},"end":{"line":600,"column":36}},"loc":{"start":{"line":601,"column":24},"end":{"line":630,"column":29}},"line":601},"36":{"name":"(anonymous_36)","decl":{"start":{"line":622,"column":39},"end":{"line":622,"column":40}},"loc":{"start":{"line":622,"column":45},"end":{"line":625,"column":31}},"line":622}},"branchMap":{"0":{"loc":{"start":{"line":121,"column":6},"end":{"line":127,"column":7}},"type":"if","locations":[{"start":{"line":121,"column":6},"end":{"line":127,"column":7}},{"start":{"line":125,"column":13},"end":{"line":127,"column":7}}],"line":121},"1":{"loc":{"start":{"line":130,"column":39},"end":{"line":130,"column":101}},"type":"cond-expr","locations":[{"start":{"line":130,"column":64},"end":{"line":130,"column":77}},{"start":{"line":130,"column":80},"end":{"line":130,"column":101}}],"line":130},"2":{"loc":{"start":{"line":136,"column":4},"end":{"line":139,"column":5}},"type":"if","locations":[{"start":{"line":136,"column":4},"end":{"line":139,"column":5}},{"start":{},"end":{}}],"line":136},"3":{"loc":{"start":{"line":136,"column":8},"end":{"line":136,"column":78}},"type":"binary-expr","locations":[{"start":{"line":136,"column":8},"end":{"line":136,"column":36}},{"start":{"line":136,"column":40},"end":{"line":136,"column":78}}],"line":136},"4":{"loc":{"start":{"line":153,"column":6},"end":{"line":156,"column":7}},"type":"if","locations":[{"start":{"line":153,"column":6},"end":{"line":156,"column":7}},{"start":{},"end":{}}],"line":153},"5":{"loc":{"start":{"line":157,"column":6},"end":{"line":160,"column":7}},"type":"if","locations":[{"start":{"line":157,"column":6},"end":{"line":160,"column":7}},{"start":{},"end":{}}],"line":157},"6":{"loc":{"start":{"line":196,"column":8},"end":{"line":198,"column":9}},"type":"if","locations":[{"start":{"line":196,"column":8},"end":{"line":198,"column":9}},{"start":{},"end":{}}],"line":196},"7":{"loc":{"start":{"line":209,"column":15},"end":{"line":209,"column":107}},"type":"binary-expr","locations":[{"start":{"line":209,"column":15},"end":{"line":209,"column":102}},{"start":{"line":209,"column":106},"end":{"line":209,"column":107}}],"line":209},"8":{"loc":{"start":{"line":210,"column":20},"end":{"line":210,"column":119}},"type":"binary-expr","locations":[{"start":{"line":210,"column":20},"end":{"line":210,"column":113}},{"start":{"line":210,"column":117},"end":{"line":210,"column":119}}],"line":210},"9":{"loc":{"start":{"line":213,"column":15},"end":{"line":213,"column":105}},"type":"binary-expr","locations":[{"start":{"line":213,"column":15},"end":{"line":213,"column":100}},{"start":{"line":213,"column":104},"end":{"line":213,"column":105}}],"line":213},"10":{"loc":{"start":{"line":214,"column":20},"end":{"line":214,"column":117}},"type":"binary-expr","locations":[{"start":{"line":214,"column":20},"end":{"line":214,"column":111}},{"start":{"line":214,"column":115},"end":{"line":214,"column":117}}],"line":214},"11":{"loc":{"start":{"line":217,"column":15},"end":{"line":217,"column":108}},"type":"binary-expr","locations":[{"start":{"line":217,"column":15},"end":{"line":217,"column":103}},{"start":{"line":217,"column":107},"end":{"line":217,"column":108}}],"line":217},"12":{"loc":{"start":{"line":218,"column":20},"end":{"line":218,"column":120}},"type":"binary-expr","locations":[{"start":{"line":218,"column":20},"end":{"line":218,"column":114}},{"start":{"line":218,"column":118},"end":{"line":218,"column":120}}],"line":218},"13":{"loc":{"start":{"line":221,"column":15},"end":{"line":221,"column":103}},"type":"binary-expr","locations":[{"start":{"line":221,"column":15},"end":{"line":221,"column":98}},{"start":{"line":221,"column":102},"end":{"line":221,"column":103}}],"line":221},"14":{"loc":{"start":{"line":222,"column":20},"end":{"line":222,"column":115}},"type":"binary-expr","locations":[{"start":{"line":222,"column":20},"end":{"line":222,"column":109}},{"start":{"line":222,"column":113},"end":{"line":222,"column":115}}],"line":222},"15":{"loc":{"start":{"line":240,"column":37},"end":{"line":240,"column":93}},"type":"cond-expr","locations":[{"start":{"line":240,"column":78},"end":{"line":240,"column":84}},{"start":{"line":240,"column":87},"end":{"line":240,"column":93}}],"line":240},"16":{"loc":{"start":{"line":248,"column":39},"end":{"line":248,"column":99}},"type":"cond-expr","locations":[{"start":{"line":248,"column":64},"end":{"line":248,"column":77}},{"start":{"line":248,"column":80},"end":{"line":248,"column":99}}],"line":248},"17":{"loc":{"start":{"line":356,"column":13},"end":{"line":383,"column":13}},"type":"binary-expr","locations":[{"start":{"line":356,"column":13},"end":{"line":356,"column":38}},{"start":{"line":357,"column":14},"end":{"line":382,"column":20}}],"line":356},"18":{"loc":{"start":{"line":391,"column":113},"end":{"line":397,"column":62}},"type":"cond-expr","locations":[{"start":{"line":392,"column":20},"end":{"line":392,"column":59}},{"start":{"line":393,"column":20},"end":{"line":397,"column":62}}],"line":391},"19":{"loc":{"start":{"line":393,"column":20},"end":{"line":397,"column":62}},"type":"cond-expr","locations":[{"start":{"line":394,"column":20},"end":{"line":394,"column":64}},{"start":{"line":395,"column":20},"end":{"line":397,"column":62}}],"line":393},"20":{"loc":{"start":{"line":395,"column":20},"end":{"line":397,"column":62}},"type":"cond-expr","locations":[{"start":{"line":396,"column":20},"end":{"line":396,"column":60}},{"start":{"line":397,"column":20},"end":{"line":397,"column":62}}],"line":395},"21":{"loc":{"start":{"line":400,"column":15},"end":{"line":407,"column":15}},"type":"cond-expr","locations":[{"start":{"line":401,"column":16},"end":{"line":404,"column":19}},{"start":{"line":406,"column":16},"end":{"line":406,"column":33}}],"line":400},"22":{"loc":{"start":{"line":411,"column":13},"end":{"line":418,"column":13}},"type":"binary-expr","locations":[{"start":{"line":411,"column":13},"end":{"line":411,"column":30}},{"start":{"line":412,"column":14},"end":{"line":417,"column":20}}],"line":411},"23":{"loc":{"start":{"line":412,"column":75},"end":{"line":414,"column":70}},"type":"cond-expr","locations":[{"start":{"line":413,"column":20},"end":{"line":413,"column":76}},{"start":{"line":414,"column":20},"end":{"line":414,"column":70}}],"line":412},"24":{"loc":{"start":{"line":464,"column":11},"end":{"line":514,"column":11}},"type":"cond-expr","locations":[{"start":{"line":465,"column":12},"end":{"line":505,"column":18}},{"start":{"line":507,"column":12},"end":{"line":513,"column":18}}],"line":464},"25":{"loc":{"start":{"line":527,"column":22},"end":{"line":527,"column":94}},"type":"binary-expr","locations":[{"start":{"line":527,"column":22},"end":{"line":527,"column":34}},{"start":{"line":527,"column":38},"end":{"line":527,"column":68}},{"start":{"line":527,"column":72},"end":{"line":527,"column":94}}],"line":527},"26":{"loc":{"start":{"line":528,"column":122},"end":{"line":532,"column":123}},"type":"cond-expr","locations":[{"start":{"line":529,"column":18},"end":{"line":529,"column":57}},{"start":{"line":530,"column":18},"end":{"line":532,"column":123}}],"line":528},"27":{"loc":{"start":{"line":530,"column":18},"end":{"line":532,"column":123}},"type":"cond-expr","locations":[{"start":{"line":531,"column":18},"end":{"line":531,"column":64}},{"start":{"line":532,"column":18},"end":{"line":532,"column":123}}],"line":530},"28":{"loc":{"start":{"line":530,"column":18},"end":{"line":530,"column":74}},"type":"binary-expr","locations":[{"start":{"line":530,"column":18},"end":{"line":530,"column":48}},{"start":{"line":530,"column":52},"end":{"line":530,"column":74}}],"line":530},"29":{"loc":{"start":{"line":535,"column":13},"end":{"line":547,"column":13}},"type":"cond-expr","locations":[{"start":{"line":536,"column":14},"end":{"line":539,"column":17}},{"start":{"line":541,"column":14},"end":{"line":546,"column":17}}],"line":535},"30":{"loc":{"start":{"line":545,"column":63},"end":{"line":545,"column":96}},"type":"cond-expr","locations":[{"start":{"line":545,"column":88},"end":{"line":545,"column":91}},{"start":{"line":545,"column":94},"end":{"line":545,"column":96}}],"line":545},"31":{"loc":{"start":{"line":551,"column":11},"end":{"line":637,"column":11}},"type":"binary-expr","locations":[{"start":{"line":551,"column":11},"end":{"line":551,"column":29}},{"start":{"line":552,"column":12},"end":{"line":636,"column":18}}],"line":551},"32":{"loc":{"start":{"line":607,"column":58},"end":{"line":607,"column":173}},"type":"cond-expr","locations":[{"start":{"line":607,"column":89},"end":{"line":607,"column":105}},{"start":{"line":607,"column":108},"end":{"line":607,"column":173}}],"line":607},"33":{"loc":{"start":{"line":607,"column":108},"end":{"line":607,"column":173}},"type":"cond-expr","locations":[{"start":{"line":607,"column":139},"end":{"line":607,"column":156}},{"start":{"line":607,"column":159},"end":{"line":607,"column":173}}],"line":607},"34":{"loc":{"start":{"line":612,"column":89},"end":{"line":614,"column":84}},"type":"cond-expr","locations":[{"start":{"line":613,"column":34},"end":{"line":613,"column":90}},{"start":{"line":614,"column":34},"end":{"line":614,"column":84}}],"line":612},"35":{"loc":{"start":{"line":640,"column":11},"end":{"line":648,"column":11}},"type":"binary-expr","locations":[{"start":{"line":640,"column":11},"end":{"line":640,"column":31}},{"start":{"line":640,"column":35},"end":{"line":640,"column":48}},{"start":{"line":641,"column":12},"end":{"line":647,"column":18}}],"line":640}},"s":{"0":1,"1":1,"2":1,"3":1,"4":1,"5":1,"6":1,"7":1,"8":1,"9":1,"10":0,"11":0,"12":0,"13":0,"14":0,"15":0,"16":0,"17":0,"18":0,"19":0,"20":0,"21":1,"22":0,"23":0,"24":0,"25":0,"26":0,"27":0,"28":1,"29":0,"30":0,"31":1,"32":0,"33":0,"34":0,"35":0,"36":0,"37":0,"38":0,"39":0,"40":0,"41":0,"42":0,"43":0,"44":0,"45":0,"46":0,"47":0,"48":0,"49":0,"50":0,"51":0,"52":0,"53":0,"54":0,"55":0,"56":0,"57":0,"58":0,"59":0,"60":0,"61":0,"62":0,"63":0,"64":0,"65":0,"66":0,"67":0,"68":0,"69":0,"70":0,"71":1,"72":0,"73":0,"74":0,"75":0,"76":1,"77":0,"78":1,"79":0,"80":0,"81":0,"82":1,"83":0,"84":0,"85":1,"86":0,"87":0,"88":0,"89":0,"90":0,"91":0,"92":0,"93":0,"94":0,"95":0,"96":0,"97":0,"98":0,"99":0,"100":0,"101":0,"102":0},"f":{"0":1,"1":0,"2":0,"3":0,"4":0,"5":0,"6":0,"7":0,"8":0,"9":0,"10":0,"11":0,"12":0,"13":0,"14":0,"15":0,"16":0,"17":0,"18":0,"19":0,"20":0,"21":0,"22":0,"23":0,"24":0,"25":0,"26":0,"27":0,"28":0,"29":0,"30":0,"31":0,"32":0,"33":0,"34":0,"35":0,"36":0},"b":{"0":[0,0],"1":[0,0],"2":[0,0],"3":[0,0],"4":[0,0],"5":[0,0],"6":[0,0],"7":[0,0],"8":[0,0],"9":[0,0],"10":[0,0],"11":[0,0],"12":[0,0],"13":[0,0],"14":[0,0],"15":[0,0],"16":[0,0],"17":[1,0],"18":[0,1],"19":[0,1],"20":[0,1],"21":[0,1],"22":[1,0],"23":[0,0],"24":[0,1],"25":[1,1,0],"26":[0,1],"27":[1,0],"28":[1,0],"29":[0,1],"30":[1,0],"31":[1,0],"32":[0,0],"33":[0,0],"34":[0,0],"35":[1,1,1]},"_coverageSchema":"1a1c01bbd47fc00a2c39e90264f33305004495a9","hash":"5572dd2f4c1b75be4676b663652c274fde7c5fdf"}
}
