TN:
SF:src/App.tsx
FN:82,App
FN:112,(anonymous_1)
FN:135,(anonymous_2)
FN:146,(anonymous_3)
FN:147,(anonymous_4)
FN:152,(anonymous_5)
FN:191,(anonymous_6)
FN:209,(anonymous_7)
FN:210,(anonymous_8)
FN:213,(anonymous_9)
FN:214,(anonymous_10)
FN:217,(anonymous_11)
FN:218,(anonymous_12)
FN:221,(anonymous_13)
FN:222,(anonymous_14)
FN:239,(anonymous_15)
FN:255,(anonymous_16)
FN:264,(anonymous_17)
FN:265,(anonymous_18)
FN:270,(anonymous_19)
FN:270,(anonymous_20)
FN:311,(anonymous_21)
FN:323,(anonymous_22)
FN:334,(anonymous_23)
FN:358,(anonymous_24)
FN:363,(anonymous_25)
FN:370,(anonymous_26)
FN:375,(anonymous_27)
FN:436,(anonymous_28)
FN:447,(anonymous_29)
FN:471,(anonymous_30)
FN:479,(anonymous_31)
FN:496,(anonymous_32)
FN:575,(anonymous_33)
FN:581,(anonymous_34)
FN:600,(anonymous_35)
FN:622,(anonymous_36)
FNF:37
FNH:1
FNDA:1,App
FNDA:0,(anonymous_1)
FNDA:0,(anonymous_2)
FNDA:0,(anonymous_3)
FNDA:0,(anonymous_4)
FNDA:0,(anonymous_5)
FNDA:0,(anonymous_6)
FNDA:0,(anonymous_7)
FNDA:0,(anonymous_8)
FNDA:0,(anonymous_9)
FNDA:0,(anonymous_10)
FNDA:0,(anonymous_11)
FNDA:0,(anonymous_12)
FNDA:0,(anonymous_13)
FNDA:0,(anonymous_14)
FNDA:0,(anonymous_15)
FNDA:0,(anonymous_16)
FNDA:0,(anonymous_17)
FNDA:0,(anonymous_18)
FNDA:0,(anonymous_19)
FNDA:0,(anonymous_20)
FNDA:0,(anonymous_21)
FNDA:0,(anonymous_22)
FNDA:0,(anonymous_23)
FNDA:0,(anonymous_24)
FNDA:0,(anonymous_25)
FNDA:0,(anonymous_26)
FNDA:0,(anonymous_27)
FNDA:0,(anonymous_28)
FNDA:0,(anonymous_29)
FNDA:0,(anonymous_30)
FNDA:0,(anonymous_31)
FNDA:0,(anonymous_32)
FNDA:0,(anonymous_33)
FNDA:0,(anonymous_34)
FNDA:0,(anonymous_35)
FNDA:0,(anonymous_36)
DA:87,1
DA:95,1
DA:96,1
DA:99,1
DA:100,1
DA:101,1
DA:104,1
DA:105,1
DA:106,1
DA:112,1
DA:116,0
DA:117,0
DA:118,0
DA:120,0
DA:121,0
DA:122,0
DA:123,0
DA:124,0
DA:126,0
DA:129,0
DA:130,0
DA:135,1
DA:136,0
DA:137,0
DA:138,0
DA:140,0
DA:141,0
DA:142,0
DA:146,1
DA:147,0
DA:152,1
DA:153,0
DA:154,0
DA:155,0
DA:157,0
DA:158,0
DA:159,0
DA:162,0
DA:163,0
DA:164,0
DA:166,0
DA:168,0
DA:173,0
DA:174,0
DA:175,0
DA:180,0
DA:186,0
DA:191,0
DA:196,0
DA:197,0
DA:200,0
DA:202,0
DA:209,0
DA:210,0
DA:213,0
DA:214,0
DA:217,0
DA:218,0
DA:221,0
DA:222,0
DA:231,0
DA:239,0
DA:240,0
DA:242,0
DA:246,0
DA:248,0
DA:250,0
DA:251,0
DA:255,1
DA:257,0
DA:258,0
DA:259,0
DA:260,0
DA:264,1
DA:265,1
DA:266,0
DA:267,0
DA:268,0
DA:270,1
DA:275,1
DA:311,0
DA:323,0
DA:334,0
DA:359,0
DA:363,0
DA:370,0
DA:375,0
DA:436,0
DA:447,0
DA:471,0
DA:480,0
DA:496,0
DA:575,0
DA:581,0
DA:601,0
DA:623,0
DA:624,0
LF:97
LH:18
BRDA:121,0,0,0
BRDA:121,0,1,0
BRDA:130,1,0,0
BRDA:130,1,1,0
BRDA:136,2,0,0
BRDA:136,2,1,0
BRDA:136,3,0,0
BRDA:136,3,1,0
BRDA:153,4,0,0
BRDA:153,4,1,0
BRDA:157,5,0,0
BRDA:157,5,1,0
BRDA:196,6,0,0
BRDA:196,6,1,0
BRDA:209,7,0,0
BRDA:209,7,1,0
BRDA:210,8,0,0
BRDA:210,8,1,0
BRDA:213,9,0,0
BRDA:213,9,1,0
BRDA:214,10,0,0
BRDA:214,10,1,0
BRDA:217,11,0,0
BRDA:217,11,1,0
BRDA:218,12,0,0
BRDA:218,12,1,0
BRDA:221,13,0,0
BRDA:221,13,1,0
BRDA:222,14,0,0
BRDA:222,14,1,0
BRDA:240,15,0,0
BRDA:240,15,1,0
BRDA:248,16,0,0
BRDA:248,16,1,0
BRDA:356,17,0,1
BRDA:356,17,1,0
BRDA:391,18,0,0
BRDA:391,18,1,1
BRDA:393,19,0,0
BRDA:393,19,1,1
BRDA:395,20,0,0
BRDA:395,20,1,1
BRDA:400,21,0,0
BRDA:400,21,1,1
BRDA:411,22,0,1
BRDA:411,22,1,0
BRDA:412,23,0,0
BRDA:412,23,1,0
BRDA:464,24,0,0
BRDA:464,24,1,1
BRDA:527,25,0,1
BRDA:527,25,1,1
BRDA:527,25,2,0
BRDA:528,26,0,0
BRDA:528,26,1,1
BRDA:530,27,0,1
BRDA:530,27,1,0
BRDA:530,28,0,1
BRDA:530,28,1,0
BRDA:535,29,0,0
BRDA:535,29,1,1
BRDA:545,30,0,1
BRDA:545,30,1,0
BRDA:551,31,0,1
BRDA:551,31,1,0
BRDA:607,32,0,0
BRDA:607,32,1,0
BRDA:607,33,0,0
BRDA:607,33,1,0
BRDA:612,34,0,0
BRDA:612,34,1,0
BRDA:640,35,0,1
BRDA:640,35,1,1
BRDA:640,35,2,1
BRF:74
BRH:18
end_of_record
